SF:lib/core/error/failures.dart
DA:14,18
DA:16,4
DA:17,8
DA:24,4
DA:31,4
DA:39,6
DA:46,8
DA:53,0
DA:60,0
DA:67,1
LF:10
LH:8
end_of_record
SF:lib/features/music_player/data/datasources/database.g.dart
DA:10,0
DA:174,0
DA:175,0
DA:176,0
DA:177,0
DA:178,0
DA:179,0
DA:180,0
DA:181,0
DA:182,0
DA:183,0
DA:184,0
DA:185,0
DA:186,0
DA:187,0
DA:188,0
DA:189,0
DA:190,0
DA:191,0
DA:193,0
DA:194,0
DA:195,0
DA:198,0
DA:203,0
DA:204,0
DA:205,0
DA:206,0
DA:208,0
DA:210,0
DA:211,0
DA:213,0
DA:216,0
DA:218,0
DA:219,0
DA:221,0
DA:224,0
DA:226,0
DA:227,0
DA:229,0
DA:232,0
DA:234,0
DA:235,0
DA:237,0
DA:240,0
DA:242,0
DA:243,0
DA:245,0
DA:246,0
DA:251,0
DA:252,0
DA:254,0
DA:257,0
DA:258,0
DA:260,0
DA:263,0
DA:264,0
DA:266,0
DA:267,0
DA:272,0
DA:273,0
DA:275,0
DA:278,0
DA:280,0
DA:281,0
DA:283,0
DA:286,0
DA:288,0
DA:289,0
DA:291,0
DA:294,0
DA:296,0
DA:297,0
DA:299,0
DA:302,0
DA:304,0
DA:305,0
DA:307,0
DA:310,0
DA:312,0
DA:313,0
DA:315,0
DA:316,0
DA:321,0
DA:322,0
DA:324,0
DA:327,0
DA:332,0
DA:333,0
DA:334,0
DA:336,0
DA:337,0
DA:338,0
DA:340,0
DA:342,0
DA:344,0
DA:346,0
DA:348,0
DA:350,0
DA:352,0
DA:354,0
DA:356,0
DA:358,0
DA:360,0
DA:362,0
DA:364,0
DA:366,0
DA:368,0
DA:370,0
DA:372,0
DA:374,0
DA:376,0
DA:378,0
DA:380,0
DA:382,0
DA:384,0
DA:386,0
DA:388,0
DA:390,0
DA:392,0
DA:394,0
DA:396,0
DA:398,0
DA:400,0
DA:405,0
DA:407,0
DA:428,2
DA:446,0
DA:448,0
DA:449,0
DA:450,0
DA:451,0
DA:452,0
DA:453,0
DA:454,0
DA:455,0
DA:457,0
DA:458,0
DA:460,0
DA:461,0
DA:463,0
DA:464,0
DA:466,0
DA:467,0
DA:468,0
DA:469,0
DA:470,0
DA:471,0
DA:472,0
DA:474,0
DA:478,0
DA:479,0
DA:480,0
DA:481,0
DA:482,0
DA:483,0
DA:484,0
DA:485,0
DA:487,0
DA:488,0
DA:489,0
DA:491,0
DA:492,0
DA:494,0
DA:495,0
DA:496,0
DA:497,0
DA:498,0
DA:499,0
DA:500,0
DA:502,0
DA:503,0
DA:507,0
DA:511,0
DA:512,0
DA:513,0
DA:514,0
DA:515,0
DA:516,0
DA:517,0
DA:518,0
DA:519,0
DA:520,0
DA:521,0
DA:522,0
DA:523,0
DA:524,0
DA:525,0
DA:526,0
DA:527,0
DA:528,0
DA:531,0
DA:533,0
DA:534,0
DA:535,0
DA:536,0
DA:537,0
DA:538,0
DA:539,0
DA:540,0
DA:541,0
DA:542,0
DA:543,0
DA:544,0
DA:545,0
DA:546,0
DA:547,0
DA:548,0
DA:549,0
DA:550,0
DA:554,0
DA:571,0
DA:572,0
DA:573,0
DA:574,0
DA:575,0
DA:576,0
DA:577,0
DA:578,0
DA:579,0
DA:580,0
DA:581,0
DA:582,0
DA:583,0
DA:584,0
DA:585,0
DA:586,0
DA:587,0
DA:589,0
DA:590,0
DA:591,0
DA:592,0
DA:593,0
DA:594,0
DA:595,0
DA:596,0
DA:597,0
DA:598,0
DA:599,0
DA:600,0
DA:601,0
DA:602,0
DA:603,0
DA:604,0
DA:605,0
DA:606,0
DA:607,0
DA:608,0
DA:609,0
DA:610,0
DA:611,0
DA:612,0
DA:613,0
DA:614,0
DA:615,0
DA:616,0
DA:620,0
DA:622,0
DA:623,0
DA:624,0
DA:625,0
DA:626,0
DA:627,0
DA:628,0
DA:629,0
DA:630,0
DA:631,0
DA:632,0
DA:633,0
DA:634,0
DA:635,0
DA:636,0
DA:637,0
DA:638,0
DA:639,0
DA:640,0
DA:643,0
DA:644,0
DA:645,0
DA:646,0
DA:647,0
DA:648,0
DA:649,0
DA:650,0
DA:651,0
DA:652,0
DA:653,0
DA:654,0
DA:655,0
DA:656,0
DA:657,0
DA:658,0
DA:659,0
DA:660,0
DA:662,0
DA:665,0
DA:666,0
DA:667,0
DA:668,0
DA:669,0
DA:670,0
DA:671,0
DA:672,0
DA:673,0
DA:674,0
DA:675,0
DA:676,0
DA:677,0
DA:678,0
DA:679,0
DA:680,0
DA:681,0
DA:702,0
DA:721,0
DA:739,0
DA:740,0
DA:741,0
DA:742,0
DA:743,0
DA:744,0
DA:745,0
DA:746,0
DA:747,0
DA:748,0
DA:749,0
DA:750,0
DA:769,0
DA:770,0
DA:771,0
DA:772,0
DA:773,0
DA:774,0
DA:775,0
DA:776,0
DA:777,0
DA:778,0
DA:779,0
DA:780,0
DA:781,0
DA:782,0
DA:783,0
DA:784,0
DA:785,0
DA:786,0
DA:790,0
DA:809,0
DA:810,0
DA:811,0
DA:812,0
DA:813,0
DA:814,0
DA:815,0
DA:816,0
DA:817,0
DA:818,0
DA:819,0
DA:820,0
DA:821,0
DA:822,0
DA:823,0
DA:824,0
DA:825,0
DA:826,0
DA:830,0
DA:832,0
DA:833,0
DA:834,0
DA:836,0
DA:837,0
DA:839,0
DA:840,0
DA:842,0
DA:843,0
DA:845,0
DA:846,0
DA:848,0
DA:849,0
DA:851,0
DA:852,0
DA:854,0
DA:855,0
DA:857,0
DA:858,0
DA:860,0
DA:861,0
DA:863,0
DA:864,0
DA:866,0
DA:867,0
DA:869,0
DA:870,0
DA:872,0
DA:873,0
DA:875,0
DA:876,0
DA:878,0
DA:879,0
DA:881,0
DA:882,0
DA:887,0
DA:889,0
DA:890,0
DA:891,0
DA:892,0
DA:893,0
DA:894,0
DA:895,0
DA:896,0
DA:897,0
DA:898,0
DA:899,0
DA:900,0
DA:901,0
DA:902,0
DA:903,0
DA:904,0
DA:905,0
DA:906,0
DA:907,0
DA:908,0
DA:917,0
DA:958,0
DA:959,0
DA:960,0
DA:961,0
DA:962,0
DA:965,0
DA:970,0
DA:971,0
DA:972,0
DA:973,0
DA:975,0
DA:977,0
DA:978,0
DA:980,0
DA:983,0
DA:985,0
DA:986,0
DA:988,0
DA:991,0
DA:993,0
DA:994,0
DA:996,0
DA:999,0
DA:1004,0
DA:1005,0
DA:1006,0
DA:1008,0
DA:1009,0
DA:1010,0
DA:1012,0
DA:1014,0
DA:1016,0
DA:1018,0
DA:1020,0
DA:1022,0
DA:1024,0
DA:1029,0
DA:1031,0
DA:1040,2
DA:1046,0
DA:1048,0
DA:1049,0
DA:1050,0
DA:1051,0
DA:1052,0
DA:1056,0
DA:1057,0
DA:1058,0
DA:1059,0
DA:1060,0
DA:1061,0
DA:1065,0
DA:1069,0
DA:1070,0
DA:1071,0
DA:1072,0
DA:1073,0
DA:1074,0
DA:1077,0
DA:1079,0
DA:1080,0
DA:1081,0
DA:1082,0
DA:1083,0
DA:1084,0
DA:1088,1
DA:1093,1
DA:1094,1
DA:1095,0
DA:1096,1
DA:1097,1
DA:1099,0
DA:1100,0
DA:1101,0
DA:1102,0
DA:1103,0
DA:1104,0
DA:1108,0
DA:1110,0
DA:1111,0
DA:1112,0
DA:1113,0
DA:1114,0
DA:1115,0
DA:1116,0
DA:1119,0
DA:1120,0
DA:1121,0
DA:1124,0
DA:1125,0
DA:1126,0
DA:1127,0
DA:1128,0
DA:1137,0
DA:1144,0
DA:1150,0
DA:1151,0
DA:1152,0
DA:1153,0
DA:1154,0
DA:1161,0
DA:1162,0
DA:1163,0
DA:1164,0
DA:1165,0
DA:1166,0
DA:1170,0
DA:1177,0
DA:1178,0
DA:1179,0
DA:1180,0
DA:1181,0
DA:1182,0
DA:1186,0
DA:1188,0
DA:1189,0
DA:1190,0
DA:1192,0
DA:1193,0
DA:1195,0
DA:1196,0
DA:1198,0
DA:1199,0
DA:1201,0
DA:1202,0
DA:1207,0
DA:1209,0
DA:1210,0
DA:1211,0
DA:1212,0
DA:1213,0
DA:1214,0
DA:1215,0
DA:1216,0
DA:1225,0
DA:1259,0
DA:1260,0
DA:1261,0
DA:1262,0
DA:1263,0
DA:1266,0
DA:1271,0
DA:1272,0
DA:1273,0
DA:1274,0
DA:1276,0
DA:1279,0
DA:1281,0
DA:1282,0
DA:1284,0
DA:1287,0
DA:1289,0
DA:1290,0
DA:1292,0
DA:1295,0
DA:1300,0
DA:1301,0
DA:1302,0
DA:1304,0
DA:1305,0
DA:1306,0
DA:1308,0
DA:1310,0
DA:1312,0
DA:1314,0
DA:1316,0
DA:1321,0
DA:1323,0
DA:1331,0
DA:1336,0
DA:1338,0
DA:1339,0
DA:1340,0
DA:1341,0
DA:1345,0
DA:1346,0
DA:1347,0
DA:1348,0
DA:1349,0
DA:1353,0
DA:1357,0
DA:1358,0
DA:1359,0
DA:1360,0
DA:1361,0
DA:1364,0
DA:1366,0
DA:1367,0
DA:1368,0
DA:1369,0
DA:1370,0
DA:1374,0
DA:1378,0
DA:1379,0
DA:1380,0
DA:1381,0
DA:1383,0
DA:1384,0
DA:1385,0
DA:1386,0
DA:1387,0
DA:1388,0
DA:1389,0
DA:1393,0
DA:1395,0
DA:1396,0
DA:1397,0
DA:1398,0
DA:1399,0
DA:1400,0
DA:1403,0
DA:1404,0
DA:1405,0
DA:1408,0
DA:1409,0
DA:1410,0
DA:1411,0
DA:1419,0
DA:1425,0
DA:1430,0
DA:1431,0
DA:1432,0
DA:1433,0
DA:1439,0
DA:1440,0
DA:1441,0
DA:1442,0
DA:1443,0
DA:1447,0
DA:1453,0
DA:1454,0
DA:1455,0
DA:1456,0
DA:1457,0
DA:1461,0
DA:1463,0
DA:1464,0
DA:1465,0
DA:1467,0
DA:1468,0
DA:1470,0
DA:1471,0
DA:1473,0
DA:1474,0
DA:1479,0
DA:1481,0
DA:1482,0
DA:1483,0
DA:1484,0
DA:1485,0
DA:1486,0
DA:1487,0
DA:1495,0
DA:1514,0
DA:1515,0
DA:1516,0
DA:1517,0
DA:1518,0
DA:1521,0
DA:1526,0
DA:1527,0
DA:1528,0
DA:1529,0
DA:1531,0
DA:1534,0
DA:1536,0
DA:1537,0
DA:1539,0
DA:1542,0
DA:1547,0
DA:1548,0
DA:1549,0
DA:1551,0
DA:1552,0
DA:1553,0
DA:1555,0
DA:1557,0
DA:1559,0
DA:1564,0
DA:1566,0
DA:1573,0
DA:1574,0
DA:1576,0
DA:1577,0
DA:1578,0
DA:1582,0
DA:1583,0
DA:1586,0
DA:1590,0
DA:1591,0
DA:1592,0
DA:1593,0
DA:1596,0
DA:1598,0
DA:1599,0
DA:1600,0
DA:1601,0
DA:1605,0
DA:1606,0
DA:1607,0
DA:1608,0
DA:1609,0
DA:1610,0
DA:1614,0
DA:1616,0
DA:1617,0
DA:1618,0
DA:1619,0
DA:1620,0
DA:1623,0
DA:1624,0
DA:1625,0
DA:1628,0
DA:1635,0
DA:1640,0
DA:1644,0
DA:1645,0
DA:1646,0
DA:1651,0
DA:1652,0
DA:1653,0
DA:1654,0
DA:1658,0
DA:1663,0
DA:1664,0
DA:1665,0
DA:1666,0
DA:1670,0
DA:1672,0
DA:1673,0
DA:1674,0
DA:1676,0
DA:1677,0
DA:1679,0
DA:1680,0
DA:1685,0
DA:1687,0
DA:1688,0
DA:1689,0
DA:1690,0
DA:1691,0
DA:1692,0
DA:1697,0
DA:1698,0
DA:1703,0
DA:1705,0
DA:1706,0
DA:1707,0
DA:1708,0
DA:1709,0
DA:1710,0
DA:1711,0
DA:1758,0
DA:1765,0
DA:1766,0
DA:1767,0
DA:1770,0
DA:1771,0
DA:1772,0
DA:1775,0
DA:1776,0
DA:1777,0
DA:1780,0
DA:1781,0
DA:1782,0
DA:1785,0
DA:1786,0
DA:1787,0
DA:1790,0
DA:1791,0
DA:1792,0
DA:1795,0
DA:1796,0
DA:1797,0
DA:1800,0
DA:1801,0
DA:1802,0
DA:1805,0
DA:1806,0
DA:1807,0
DA:1810,0
DA:1811,0
DA:1812,0
DA:1815,0
DA:1816,0
DA:1817,0
DA:1820,0
DA:1821,0
DA:1822,0
DA:1825,0
DA:1826,0
DA:1827,0
DA:1830,0
DA:1831,0
DA:1832,0
DA:1835,0
DA:1836,0
DA:1837,0
DA:1840,0
DA:1841,0
DA:1842,0
DA:1848,0
DA:1855,0
DA:1856,0
DA:1857,0
DA:1860,0
DA:1861,0
DA:1862,0
DA:1865,0
DA:1866,0
DA:1867,0
DA:1870,0
DA:1871,0
DA:1872,0
DA:1875,0
DA:1876,0
DA:1877,0
DA:1880,0
DA:1881,0
DA:1882,0
DA:1885,0
DA:1886,0
DA:1887,0
DA:1890,0
DA:1891,0
DA:1892,0
DA:1895,0
DA:1896,0
DA:1897,0
DA:1900,0
DA:1901,0
DA:1902,0
DA:1905,0
DA:1906,0
DA:1907,0
DA:1910,0
DA:1911,0
DA:1912,0
DA:1915,0
DA:1916,0
DA:1917,0
DA:1920,0
DA:1921,0
DA:1922,0
DA:1925,0
DA:1926,0
DA:1927,0
DA:1930,0
DA:1931,0
DA:1932,0
DA:1938,0
DA:1945,0
DA:1946,0
DA:1948,0
DA:1949,0
DA:1951,0
DA:1952,0
DA:1954,0
DA:1955,0
DA:1957,0
DA:1958,0
DA:1960,0
DA:1961,0
DA:1962,0
DA:1965,0
DA:1966,0
DA:1968,0
DA:1969,0
DA:1971,0
DA:1972,0
DA:1973,0
DA:1976,0
DA:1977,0
DA:1978,0
DA:1981,0
DA:1982,0
DA:1984,0
DA:1985,0
DA:1987,0
DA:1988,0
DA:1989,0
DA:1992,0
DA:1993,0
DA:1995,0
DA:1996,0
DA:1997,0
DA:2000,0
DA:2001,0
DA:2019,0
DA:2020,0
DA:2021,0
DA:2024,0
DA:2025,0
DA:2026,0
DA:2027,0
DA:2028,0
DA:2029,0
DA:2031,0
DA:2049,0
DA:2069,0
DA:2087,0
DA:2106,0
DA:2107,0
DA:2108,0
DA:2147,0
DA:2154,0
DA:2155,0
DA:2156,0
DA:2159,0
DA:2160,0
DA:2161,0
DA:2164,0
DA:2165,0
DA:2166,0
DA:2169,0
DA:2170,0
DA:2171,0
DA:2177,0
DA:2184,0
DA:2185,0
DA:2186,0
DA:2189,0
DA:2190,0
DA:2191,0
DA:2194,0
DA:2195,0
DA:2196,0
DA:2199,0
DA:2200,0
DA:2201,0
DA:2207,0
DA:2214,0
DA:2215,0
DA:2217,0
DA:2218,0
DA:2220,0
DA:2221,0
DA:2223,0
DA:2224,0
DA:2242,0
DA:2243,0
DA:2244,0
DA:2247,0
DA:2248,0
DA:2249,0
DA:2250,0
DA:2251,0
DA:2252,0
DA:2254,0
DA:2260,0
DA:2268,0
DA:2274,0
DA:2281,0
DA:2282,0
DA:2283,0
DA:2320,0
DA:2327,0
DA:2328,0
DA:2329,0
DA:2332,0
DA:2333,0
DA:2334,0
DA:2337,0
DA:2338,0
DA:2339,0
DA:2345,0
DA:2352,0
DA:2353,0
DA:2354,0
DA:2357,0
DA:2358,0
DA:2359,0
DA:2362,0
DA:2363,0
DA:2364,0
DA:2370,0
DA:2377,0
DA:2378,0
DA:2379,0
DA:2382,0
DA:2383,0
DA:2385,0
DA:2386,0
DA:2407,0
DA:2410,0
DA:2411,0
DA:2414,0
DA:2415,0
DA:2416,0
DA:2417,0
DA:2418,0
DA:2419,0
DA:2421,0
DA:2426,0
DA:2433,0
DA:2438,0
DA:2444,0
DA:2445,0
DA:2446,0
DA:2484,0
DA:2491,0
DA:2492,0
DA:2493,0
DA:2496,0
DA:2497,0
DA:2498,0
DA:2504,0
DA:2511,0
DA:2512,0
DA:2513,0
DA:2516,0
DA:2517,0
DA:2518,0
DA:2524,0
DA:2531,0
DA:2532,0
DA:2534,0
DA:2535,0
DA:2553,0
DA:2554,0
DA:2555,0
DA:2558,0
DA:2559,0
DA:2560,0
DA:2561,0
DA:2562,0
DA:2563,0
DA:2565,0
DA:2569,0
DA:2571,0
DA:2575,0
DA:2580,0
DA:2581,0
DA:2582,0
DA:2605,0
DA:2606,0
DA:2607,0
DA:2608,0
DA:2609,0
DA:2610,0
DA:2611,0
DA:2612,0
DA:2613,0
LF:1063
LH:7
end_of_record
SF:lib/features/music_player/data/datasources/database.dart
DA:19,0
DA:20,0
DA:21,0
DA:22,0
DA:23,0
DA:24,0
DA:25,0
DA:26,0
DA:27,0
DA:28,0
DA:29,0
DA:30,0
DA:31,0
DA:32,0
DA:33,0
DA:34,0
DA:36,0
DA:37,0
DA:47,0
DA:48,0
DA:49,0
DA:50,0
DA:52,0
DA:53,0
DA:61,0
DA:62,0
DA:63,0
DA:65,0
DA:66,0
DA:73,0
DA:74,0
DA:76,0
DA:77,0
DA:92,0
DA:97,0
DA:104,0
DA:105,0
DA:106,0
DA:107,0
DA:108,0
LF:40
LH:0
end_of_record
SF:lib/features/music_player/data/datasources/playlist_data_source.dart
DA:27,0
DA:32,0
DA:33,0
DA:39,0
DA:40,0
DA:41,0
DA:42,0
DA:51,0
DA:52,0
DA:53,0
DA:54,0
DA:59,0
DA:60,0
DA:61,0
DA:68,0
DA:69,0
DA:70,0
DA:71,0
DA:72,0
DA:73,0
DA:74,0
DA:87,0
DA:88,0
DA:89,0
DA:90,0
DA:91,0
DA:92,0
DA:93,0
DA:99,0
DA:101,0
DA:102,0
DA:103,0
DA:104,0
DA:105,0
DA:114,0
DA:115,0
DA:116,0
DA:118,0
DA:119,0
DA:120,0
DA:121,0
DA:129,0
DA:138,0
DA:142,0
DA:143,0
DA:144,0
DA:146,0
DA:148,0
DA:149,0
DA:164,0
DA:169,0
DA:171,0
DA:172,0
DA:173,0
DA:174,0
DA:175,0
DA:178,0
DA:179,0
DA:181,0
DA:182,0
DA:183,0
DA:185,0
DA:186,0
DA:187,0
DA:188,0
DA:189,0
DA:191,0
DA:197,0
DA:204,0
DA:205,0
DA:207,0
DA:208,0
DA:209,0
DA:211,0
DA:212,0
DA:213,0
DA:214,0
DA:215,0
DA:217,0
DA:227,0
DA:228,0
DA:229,0
DA:230,0
DA:231,0
DA:232,0
LF:85
LH:0
end_of_record
SF:lib/features/music_player/data/repositories/playlist_repository_impl.dart
DA:23,1
DA:28,1
DA:31,2
DA:32,1
DA:34,2
DA:35,2
DA:36,1
DA:38,2
DA:41,1
DA:43,4
DA:52,1
DA:55,2
DA:57,2
DA:60,2
DA:61,2
DA:63,0
DA:72,1
DA:75,2
DA:76,2
DA:79,3
DA:80,3
DA:82,0
DA:83,0
DA:93,1
DA:96,2
DA:97,1
DA:100,2
DA:103,2
DA:104,2
DA:108,0
DA:109,0
DA:120,1
DA:123,2
DA:126,1
DA:127,3
DA:138,1
DA:144,2
DA:147,1
DA:148,3
DA:159,1
DA:165,2
DA:168,1
DA:169,1
DA:170,2
DA:182,1
DA:189,2
DA:196,1
DA:197,3
LF:48
LH:43
end_of_record
SF:lib/features/music_player/domain/entities/playlist.dart
DA:21,4
DA:29,1
DA:30,6
DA:37,1
DA:44,1
DA:45,1
DA:46,0
DA:47,1
DA:48,1
DA:49,1
DA:54,6
LF:11
LH:10
end_of_record
SF:lib/features/music_player/data/models/playlist_model.dart
DA:23,2
DA:27,2
DA:28,2
DA:29,2
DA:31,4
DA:32,4
LF:6
LH:6
end_of_record
SF:lib/features/music_player/data/models/audio_track_model.dart
DA:20,2
DA:43,1
DA:44,1
DA:45,1
DA:46,1
DA:47,1
DA:48,1
DA:49,1
DA:50,1
DA:51,1
DA:52,1
DA:53,1
DA:54,1
DA:55,1
DA:56,1
DA:57,1
DA:58,1
DA:59,1
DA:60,1
DA:73,2
DA:74,2
DA:75,2
DA:76,2
DA:77,2
DA:78,2
DA:79,2
DA:80,2
DA:81,2
DA:82,2
DA:83,2
DA:84,4
DA:85,4
DA:86,2
DA:87,2
DA:88,2
DA:89,2
DA:90,4
DA:102,2
DA:103,2
DA:104,2
DA:106,1
DA:108,1
DA:111,2
DA:119,2
DA:120,2
DA:121,2
DA:122,2
DA:123,2
DA:124,2
DA:125,2
DA:126,2
DA:127,2
DA:128,2
DA:129,2
DA:130,2
DA:131,2
DA:132,2
DA:133,2
DA:134,2
DA:135,2
DA:136,2
LF:61
LH:61
end_of_record
SF:lib/features/music_player/domain/entities/audio_track.dart
DA:40,12
DA:59,1
DA:60,1
DA:61,1
DA:62,1
DA:63,1
DA:64,1
DA:65,1
DA:66,1
DA:67,1
DA:68,1
DA:69,1
DA:70,1
DA:71,1
DA:72,1
DA:73,1
DA:74,1
DA:75,1
DA:76,1
DA:84,1
DA:102,1
DA:103,1
DA:104,1
DA:105,1
DA:106,1
DA:107,1
DA:108,1
DA:109,1
DA:110,1
DA:111,1
DA:112,1
DA:113,1
DA:114,1
DA:115,1
DA:116,1
DA:117,1
DA:118,1
LF:37
LH:37
end_of_record
SF:lib/core/usecases/usecase.dart
DA:56,6
LF:1
LH:1
end_of_record
SF:lib/features/music_player/domain/usecases/playlist/create_playlist_use_case.dart
DA:31,1
DA:33,1
DA:35,2
LF:3
LH:3
end_of_record
SF:lib/features/music_player/data/datasources/file_system_data_source.dart
DA:40,0
DA:41,0
DA:43,0
DA:44,0
DA:47,0
DA:49,0
DA:50,0
DA:51,0
DA:52,0
DA:65,0
DA:66,0
DA:67,0
DA:86,0
DA:87,0
DA:89,0
DA:93,0
DA:95,0
DA:100,0
DA:101,0
DA:113,0
DA:116,0
DA:121,0
DA:122,0
DA:124,0
DA:132,0
DA:133,0
DA:134,0
DA:135,0
DA:137,0
DA:145,0
DA:146,0
DA:147,0
DA:148,0
DA:150,0
DA:151,0
LF:35
LH:0
end_of_record
SF:lib/features/music_player/data/datasources/local_database_data_source.dart
DA:21,0
DA:29,0
DA:30,0
DA:31,0
DA:32,0
DA:33,0
DA:34,0
DA:35,0
DA:36,0
DA:37,0
DA:38,0
DA:39,0
DA:40,0
DA:41,0
DA:42,0
DA:43,0
DA:44,0
DA:45,0
DA:46,0
DA:47,0
DA:48,0
DA:49,0
DA:61,0
DA:62,0
DA:63,0
DA:64,0
DA:65,0
DA:66,0
DA:67,0
DA:68,0
DA:69,0
DA:70,0
DA:71,0
DA:72,0
DA:73,0
DA:74,0
DA:75,0
DA:76,0
DA:77,0
DA:78,0
DA:79,0
DA:80,0
DA:81,0
DA:82,0
DA:90,0
DA:91,0
DA:94,0
DA:95,0
DA:96,0
DA:97,0
DA:100,0
DA:101,0
DA:102,0
DA:103,0
DA:104,0
DA:107,0
DA:108,0
DA:109,0
DA:110,0
DA:111,0
DA:114,0
DA:115,0
DA:116,0
DA:117,0
DA:119,0
DA:120,0
DA:123,0
DA:124,0
DA:125,0
DA:126,0
DA:128,0
DA:129,0
DA:132,0
DA:133,0
DA:135,0
DA:136,0
DA:137,0
DA:138,0
DA:139,0
DA:140,0
DA:142,0
DA:145,0
DA:146,0
DA:147,0
DA:148,0
DA:151,0
DA:152,0
DA:153,0
DA:154,0
DA:157,0
DA:158,0
DA:161,0
DA:162,0
DA:163,0
DA:165,0
DA:166,0
DA:170,0
DA:175,0
DA:176,0
DA:177,0
DA:178,0
DA:179,0
DA:180,0
DA:181,0
DA:182,0
DA:187,0
DA:188,0
DA:191,0
DA:192,0
DA:193,0
DA:194,0
DA:197,0
DA:202,0
DA:203,0
DA:204,0
DA:205,0
DA:206,0
DA:207,0
DA:212,0
DA:213,0
DA:214,0
DA:215,0
DA:219,0
DA:224,0
DA:225,0
DA:226,0
DA:227,0
DA:228,0
DA:229,0
DA:230,0
DA:236,0
DA:240,0
DA:241,0
DA:243,0
DA:246,0
DA:248,0
DA:249,0
DA:250,0
DA:251,0
DA:253,0
DA:256,0
DA:260,0
DA:262,0
DA:263,0
DA:264,0
DA:267,0
DA:268,0
DA:269,0
DA:270,0
DA:271,0
DA:272,0
DA:273,0
DA:274,0
DA:283,0
DA:284,0
DA:285,0
DA:286,0
DA:287,0
DA:292,0
DA:293,0
DA:294,0
DA:295,0
DA:297,0
LF:163
LH:0
end_of_record
SF:lib/features/music_player/data/datasources/metadata_data_source.dart
DA:39,0
DA:42,0
DA:45,0
DA:46,0
DA:54,0
DA:58,0
DA:60,0
DA:61,0
DA:62,0
DA:63,0
DA:65,0
DA:66,0
DA:67,0
DA:68,0
DA:69,0
DA:70,0
DA:71,0
DA:72,0
DA:73,0
DA:76,0
DA:77,0
DA:99,0
DA:102,0
DA:104,0
DA:108,0
DA:111,0
DA:123,0
DA:134,0
DA:135,0
DA:136,0
DA:160,0
DA:164,0
DA:169,0
DA:170,0
DA:172,0
DA:173,0
DA:176,0
DA:177,0
DA:179,0
DA:181,0
DA:183,0
DA:188,0
DA:189,0
DA:192,0
DA:194,0
DA:196,0
DA:199,0
LF:47
LH:0
end_of_record
SF:lib/features/music_player/data/datasources/permission_data_source.dart
DA:24,0
DA:25,0
DA:26,0
DA:29,0
DA:30,0
DA:31,0
DA:33,0
DA:34,0
DA:36,0
DA:49,0
DA:50,0
DA:51,0
DA:53,0
DA:54,0
DA:56,0
DA:58,0
DA:72,0
DA:73,0
DA:74,0
DA:76,0
DA:77,0
DA:79,0
DA:90,0
DA:91,0
DA:101,0
DA:102,0
DA:109,0
LF:27
LH:0
end_of_record
SF:lib/features/music_player/data/repositories/audio_repository_impl.dart
DA:35,1
DA:42,1
DA:46,2
DA:48,2
DA:57,2
DA:59,1
DA:64,1
DA:66,2
DA:69,2
DA:70,1
DA:74,4
DA:79,3
DA:82,3
DA:83,3
DA:87,1
DA:88,2
DA:89,1
DA:90,1
DA:95,1
DA:96,2
DA:97,1
DA:98,1
DA:99,1
DA:100,1
DA:101,1
DA:102,1
DA:103,1
DA:104,1
DA:105,1
DA:106,3
DA:107,1
DA:108,1
DA:114,1
DA:116,0
DA:122,1
DA:123,2
DA:126,5
DA:127,1
DA:128,0
DA:130,3
DA:131,4
DA:135,1
DA:138,2
DA:140,4
DA:141,1
DA:142,1
DA:144,3
DA:145,4
DA:149,1
DA:154,2
DA:156,4
DA:157,1
DA:158,1
DA:160,3
DA:161,4
DA:165,1
DA:170,2
DA:172,4
DA:173,1
DA:174,1
DA:176,0
DA:177,0
DA:181,1
DA:184,2
DA:190,3
DA:192,0
DA:193,0
DA:197,1
DA:200,2
DA:201,1
DA:203,0
DA:204,0
DA:208,1
DA:211,2
DA:212,1
DA:214,0
DA:215,0
DA:219,1
DA:222,2
DA:224,4
DA:225,1
DA:226,1
DA:228,0
DA:229,0
DA:233,1
DA:236,2
DA:239,3
DA:240,4
DA:244,1
DA:247,2
DA:250,3
DA:251,4
LF:92
LH:80
end_of_record
SF:lib/features/music_player/domain/usecases/playlist/delete_playlist_use_case.dart
DA:31,1
DA:33,1
DA:35,2
LF:3
LH:3
end_of_record
SF:lib/features/music_player/domain/usecases/playlist/add_track_to_playlist_use_case.dart
DA:38,1
DA:40,1
DA:42,2
DA:43,1
DA:44,1
DA:57,1
LF:6
LH:6
end_of_record
SF:lib/features/music_player/domain/usecases/audio/get_all_tracks_use_case.dart
DA:29,1
DA:31,1
DA:33,2
LF:3
LH:3
end_of_record
SF:lib/features/music_player/domain/usecases/audio/scan_directory_use_case.dart
DA:31,1
DA:37,1
DA:39,2
LF:3
LH:3
end_of_record
SF:lib/features/music_player/domain/usecases/audio/search_tracks_use_case.dart
DA:34,1
DA:36,1
DA:38,2
DA:41,2
LF:4
LH:4
end_of_record
SF:lib/features/music_player/domain/usecases/playback/play_track_use_case.dart
DA:24,1
DA:30,1
DA:31,2
LF:3
LH:3
end_of_record
SF:lib/features/music_player/domain/entities/playback_state.dart
DA:45,3
DA:59,0
DA:60,0
DA:61,0
DA:62,0
DA:63,0
DA:64,0
DA:65,0
DA:66,0
DA:67,0
DA:68,0
DA:69,0
DA:70,0
DA:71,0
DA:74,1
DA:87,1
DA:88,1
DA:89,1
DA:90,1
DA:91,0
DA:92,1
DA:93,0
DA:94,0
DA:95,1
DA:96,1
DA:97,1
DA:98,1
DA:102,6
DA:103,3
DA:104,0
LF:30
LH:13
end_of_record
SF:lib/features/music_player/domain/usecases/playback/pause_playback_use_case.dart
DA:28,1
DA:30,1
DA:32,2
LF:3
LH:3
end_of_record
SF:lib/features/music_player/domain/usecases/playback/resume_playback_use_case.dart
DA:28,1
DA:30,1
DA:32,2
LF:3
LH:3
end_of_record
SF:lib/features/music_player/domain/usecases/queue/skip_to_next_use_case.dart
DA:30,1
DA:32,1
DA:34,2
LF:3
LH:3
end_of_record
SF:lib/features/music_player/domain/usecases/queue/set_queue_use_case.dart
DA:29,1
DA:35,1
DA:37,4
DA:53,3
LF:4
LH:4
end_of_record
SF:lib/features/music_player/domain/usecases/queue/skip_to_previous_use_case.dart
DA:28,1
DA:30,1
DA:32,2
LF:3
LH:3
end_of_record
SF:lib/features/music_player/presentation/widgets/track_list_tile.dart
DA:9,1
DA:11,1
DA:13,1
DA:14,1
DA:15,3
DA:16,1
DA:17,5
DA:21,1
DA:22,1
DA:23,1
DA:27,1
DA:28,2
DA:29,0
DA:30,0
DA:31,0
DA:32,0
DA:36,0
DA:40,1
DA:43,1
DA:44,1
DA:47,1
DA:48,1
DA:49,1
DA:55,1
DA:56,1
DA:59,1
DA:60,1
DA:61,3
DA:65,1
DA:70,1
DA:71,4
DA:72,3
DA:74,1
DA:76,1
DA:77,1
DA:78,1
DA:79,1
DA:81,1
DA:83,1
DA:92,1
DA:94,1
DA:95,0
DA:96,0
DA:100,1
DA:101,1
DA:102,2
DA:103,5
LF:47
LH:40
end_of_record
SF:lib/features/music_player/presentation/widgets/audio_quality_badge.dart
DA:7,1
DA:9,1
DA:11,1
DA:13,1
DA:14,4
DA:15,1
DA:16,4
DA:18,1
DA:20,1
DA:21,1
DA:24,3
DA:27,1
DA:28,1
DA:29,1
DA:32,3
DA:40,1
DA:41,4
DA:42,2
DA:43,4
DA:44,1
DA:47,1
DA:49,1
DA:50,1
DA:51,1
LF:24
LH:24
end_of_record
SF:lib/features/music_player/domain/usecases/playback/seek_to_position_use_case.dart
DA:29,0
DA:31,0
DA:32,0
LF:3
LH:0
end_of_record
SF:lib/features/music_player/domain/usecases/playback/set_speed_use_case.dart
DA:33,0
DA:35,0
DA:36,0
LF:3
LH:0
end_of_record
SF:lib/features/music_player/domain/usecases/playback/set_volume_use_case.dart
DA:31,0
DA:33,0
DA:34,0
LF:3
LH:0
end_of_record
SF:lib/features/music_player/domain/usecases/playback/toggle_shuffle_use_case.dart
DA:31,0
DA:33,0
DA:35,0
LF:3
LH:0
end_of_record
SF:lib/features/music_player/presentation/bloc/playback/playback_bloc.dart
DA:40,1
DA:52,1
DA:53,2
DA:54,2
DA:55,2
DA:56,2
DA:57,2
DA:58,2
DA:59,2
DA:60,2
DA:61,2
DA:62,2
DA:63,2
DA:64,2
DA:66,5
DA:69,2
DA:73,1
DA:77,1
DA:79,2
DA:80,3
DA:83,1
DA:84,0
DA:85,1
DA:89,1
DA:93,2
DA:95,1
DA:96,0
DA:97,1
DA:101,1
DA:105,2
DA:107,1
DA:108,0
DA:109,1
DA:113,0
DA:117,0
DA:119,0
DA:120,0
DA:121,0
DA:125,1
DA:129,3
DA:131,1
DA:132,0
DA:133,1
DA:137,1
DA:141,3
DA:143,1
DA:144,0
DA:145,1
DA:149,0
DA:153,0
DA:155,0
DA:156,0
DA:157,0
DA:161,0
DA:165,0
DA:167,0
DA:168,0
DA:169,0
DA:173,0
DA:177,0
DA:179,0
DA:180,0
DA:181,0
DA:185,0
DA:189,0
DA:191,0
DA:192,0
DA:193,0
DA:197,0
DA:201,0
DA:203,0
DA:204,0
DA:207,0
DA:208,0
DA:209,0
DA:213,1
DA:217,3
DA:220,0
DA:222,0
DA:223,0
DA:224,0
DA:225,0
DA:226,0
DA:227,0
DA:228,0
DA:233,1
DA:235,3
DA:236,1
LF:88
LH:43
end_of_record
